<?xml version="1.0" encoding="UTF-8"?>
<!-- Generated by org.testng.reporters.JUnitReportReporter -->
<testsuite hostname="LAPTOP-P01DG4LS" failures="0" tests="6" name="com.crm.qa.tests.ContactsPageTest" time="168.016" errors="0" timestamp="2021-06-27T20:17:10 IST" skipped="0">
  <testcase classname="com.crm.qa.tests.ContactsPageTest" name="verifyContactsPageLabel" time="22.235"/>
  <system-out/>
  <testcase classname="com.crm.qa.tests.ContactsPageTest" name="selectsSingleContactsTest" time="32.772"/>
  <system-out/>
  <testcase classname="com.crm.qa.tests.ContactsPageTest" name="selectsMultipleContactsTest" time="31.814"/>
  <system-out/>
  <testcase classname="com.crm.qa.tests.ContactsPageTest" name="validateCreateNewContact" time="26.214"/>
  <system-out/>
  <testcase classname="com.crm.qa.tests.ContactsPageTest" name="validateCreateNewContact" time="29.188"/>
  <system-out/>
  <testcase classname="com.crm.qa.tests.ContactsPageTest" name="validateCreateNewContact" time="25.793"/>
  <system-out/>
</testsuite> <!-- com.crm.qa.tests.ContactsPageTest -->
