<?xml version="1.0" encoding="UTF-8"?>
<!-- Generated by org.testng.reporters.JUnitReportReporter -->
<testsuite hostname="LAPTOP-P01DG4LS" failures="0" tests="6" name="com.crm.qa.tests.HomePageTest" time="123.479" errors="0" timestamp="2021-06-27T20:17:10 IST" skipped="0">
  <testcase classname="com.crm.qa.tests.HomePageTest" name="homePageTitleTest" time="19.238"/>
  <system-out/>
  <testcase classname="com.crm.qa.tests.HomePageTest" name="CRMPROLogoImageTest" time="20.979"/>
  <system-out/>
  <testcase classname="com.crm.qa.tests.HomePageTest" name="CRMPROUserNameTest" time="20.939"/>
  <system-out/>
  <testcase classname="com.crm.qa.tests.HomePageTest" name="verifyContactsLinkTest" time="20.353"/>
  <system-out/>
  <testcase classname="com.crm.qa.tests.HomePageTest" name="verifyDealsLinkTest" time="20.246"/>
  <system-out/>
  <testcase classname="com.crm.qa.tests.HomePageTest" name="verifyTasksLinkTest" time="21.724"/>
  <system-out/>
</testsuite> <!-- com.crm.qa.tests.HomePageTest -->
