<?xml version="1.0" encoding="UTF-8"?>
<!-- Generated by org.testng.reporters.JUnitReportReporter -->
<testsuite hostname="LAPTOP-P01DG4LS" failures="0" tests="3" name="com.crm.qa.tests.LoginPageTest" time="52.778" errors="0" timestamp="2021-06-27T20:17:10 IST" skipped="0">
  <testcase classname="com.crm.qa.tests.LoginPageTest" name="loginPageTitleTest" time="12.434"/>
  <system-out/>
  <testcase classname="com.crm.qa.tests.LoginPageTest" name="CRMLogoImageTest" time="15.091"/>
  <system-out/>
  <testcase classname="com.crm.qa.tests.LoginPageTest" name="loginTest" time="25.253"/>
  <system-out/>
</testsuite> <!-- com.crm.qa.tests.LoginPageTest -->
